<?xml version="1.0" encoding="UTF-8"?>
<testsuite xmlns:xsi="http://www.w3.org/2001/XMLSchema-instance" xsi:noNamespaceSchemaLocation="https://maven.apache.org/surefire/maven-surefire-plugin/xsd/surefire-test-report.xsd" name="com.mr.JwtTokenTest" time="0.608" tests="3" errors="1" skipped="0" failures="0">
  <properties>
[...]
</properties>
  <testcase name="parseToken" classname="com.mr.JwtTokenTest" time="0.423">
    <error message="JWT expired at 2020-11-27T21:33:53Z. Current time: 2020-12-08T17:12:27Z, a difference of 934714504 milliseconds.  Allowed clock skew: 0 milliseconds." type="io.jsonwebtoken.ExpiredJwtException">io.jsonwebtoken.ExpiredJwtException: JWT expired at 2020-11-27T21:33:53Z. Current time: 2020-12-08T17:12:27Z, a difference of 934714504 milliseconds.  Allowed clock skew: 0 milliseconds.
	at com.mr.JwtTokenTest.parseToken(JwtTokenTest.java:67)
</error>
  </testcase>
  <testcase name="genRsaKey" classname="com.mr.JwtTokenTest" time="0.047"/>
  <testcase name="genToken" classname="com.mr.JwtTokenTest" time="0.097"/>
</testsuite>